<?xml version="1.0" encoding="UTF-8"?>
<testng-results skipped="0" failed="1" ignored="0" total="1" passed="0">
  <reporter-output>
  </reporter-output>
  <suite name="Default suite" duration-ms="66742" started-at="2018-07-16T11:45:15Z" finished-at="2018-07-16T11:46:22Z">
    <groups>
    </groups>
    <test name="Default test" duration-ms="66742" started-at="2018-07-16T11:45:15Z" finished-at="2018-07-16T11:46:22Z">
      <class name="VM.VaraitionMaster">
        <test-method status="PASS" signature="setUp()[pri:0, instance:VM.VaraitionMaster@ea1a8d5]" name="setUp" is-config="true" duration-ms="1057" started-at="2018-07-16T11:45:15Z" finished-at="2018-07-16T11:45:16Z">
          <reporter-output>
          </reporter-output>
        </test-method> <!-- setUp -->
        <test-method status="FAIL" signature="testVmgallery()[pri:0, instance:VM.VaraitionMaster@ea1a8d5]" name="testVmgallery" duration-ms="65545" started-at="2018-07-16T11:45:16Z" finished-at="2018-07-16T11:46:22Z">
          <exception class="org.openqa.selenium.NoSuchElementException">
            <message>
              <![CDATA[no such element: Unable to locate element: {"method":"xpath","selector":"(//img[contains(@src,'http://demo.makewebbetter.com/variation-master/wp-content/uploads/2017/11/b1-1.jpg')])[2]"}
  (Session info: chrome=64.0.3282.186)
  (Driver info: chromedriver=2.34.522913 (36222509aa6e819815938cbf2709b4849735537c),platform=Linux 3.16.0-38-generic x86_64) (WARNING: The server did not provide any stacktrace information)
Command duration or timeout: 0 milliseconds
For documentation on this error, please visit: http://seleniumhq.org/exceptions/no_such_element.html
Build info: version: '3.5.2', revision: '10229a9020', time: '2017-08-21T17:54:21.164Z'
System info: host: 'cedcoss-H81M-S', ip: '127.0.1.1', os.name: 'Linux', os.arch: 'amd64', os.version: '3.16.0-38-generic', java.version: '1.8.0_161'
Driver info: org.openqa.selenium.chrome.ChromeDriver
Capabilities [{applicationCacheEnabled=false, rotatable=false, mobileEmulationEnabled=false, networkConnectionEnabled=false, chrome={chromedriverVersion=2.34.522913 (36222509aa6e819815938cbf2709b4849735537c), userDataDir=/tmp/.org.chromium.Chromium.WLVivt}, takesHeapSnapshot=true, pageLoadStrategy=normal, unhandledPromptBehavior=, databaseEnabled=false, handlesAlerts=true, hasTouchScreen=false, version=64.0.3282.186, platform=LINUX, browserConnectionEnabled=false, nativeEvents=true, acceptSslCerts=true, locationContextEnabled=true, webStorageEnabled=true, browserName=chrome, takesScreenshot=true, javascriptEnabled=true, cssSelectorsEnabled=true, setWindowRect=true, unexpectedAlertBehaviour=}]
Session ID: c816fb0d2d71885020d7343febb79ce9
*** Element info: {Using=xpath, value=(//img[contains(@src,'http://demo.makewebbetter.com/variation-master/wp-content/uploads/2017/11/b1-1.jpg')])[2]}]]>
            </message>
            <full-stacktrace>
              <![CDATA[org.openqa.selenium.NoSuchElementException: no such element: Unable to locate element: {"method":"xpath","selector":"(//img[contains(@src,'http://demo.makewebbetter.com/variation-master/wp-content/uploads/2017/11/b1-1.jpg')])[2]"}
  (Session info: chrome=64.0.3282.186)
  (Driver info: chromedriver=2.34.522913 (36222509aa6e819815938cbf2709b4849735537c),platform=Linux 3.16.0-38-generic x86_64) (WARNING: The server did not provide any stacktrace information)
Command duration or timeout: 0 milliseconds
For documentation on this error, please visit: http://seleniumhq.org/exceptions/no_such_element.html
Build info: version: '3.5.2', revision: '10229a9020', time: '2017-08-21T17:54:21.164Z'
System info: host: 'cedcoss-H81M-S', ip: '127.0.1.1', os.name: 'Linux', os.arch: 'amd64', os.version: '3.16.0-38-generic', java.version: '1.8.0_161'
Driver info: org.openqa.selenium.chrome.ChromeDriver
Capabilities [{applicationCacheEnabled=false, rotatable=false, mobileEmulationEnabled=false, networkConnectionEnabled=false, chrome={chromedriverVersion=2.34.522913 (36222509aa6e819815938cbf2709b4849735537c), userDataDir=/tmp/.org.chromium.Chromium.WLVivt}, takesHeapSnapshot=true, pageLoadStrategy=normal, unhandledPromptBehavior=, databaseEnabled=false, handlesAlerts=true, hasTouchScreen=false, version=64.0.3282.186, platform=LINUX, browserConnectionEnabled=false, nativeEvents=true, acceptSslCerts=true, locationContextEnabled=true, webStorageEnabled=true, browserName=chrome, takesScreenshot=true, javascriptEnabled=true, cssSelectorsEnabled=true, setWindowRect=true, unexpectedAlertBehaviour=}]
Session ID: c816fb0d2d71885020d7343febb79ce9
*** Element info: {Using=xpath, value=(//img[contains(@src,'http://demo.makewebbetter.com/variation-master/wp-content/uploads/2017/11/b1-1.jpg')])[2]}
at sun.reflect.NativeConstructorAccessorImpl.newInstance0(Native Method)
at sun.reflect.NativeConstructorAccessorImpl.newInstance(NativeConstructorAccessorImpl.java:62)
at sun.reflect.DelegatingConstructorAccessorImpl.newInstance(DelegatingConstructorAccessorImpl.java:45)
at java.lang.reflect.Constructor.newInstance(Constructor.java:423)
at org.openqa.selenium.remote.ErrorHandler.createThrowable(ErrorHandler.java:215)
at org.openqa.selenium.remote.ErrorHandler.throwIfResponseFailed(ErrorHandler.java:167)
at org.openqa.selenium.remote.http.JsonHttpResponseCodec.reconstructValue(JsonHttpResponseCodec.java:40)
at org.openqa.selenium.remote.http.AbstractHttpResponseCodec.decode(AbstractHttpResponseCodec.java:82)
at org.openqa.selenium.remote.http.AbstractHttpResponseCodec.decode(AbstractHttpResponseCodec.java:45)
at org.openqa.selenium.remote.HttpCommandExecutor.execute(HttpCommandExecutor.java:164)
at org.openqa.selenium.remote.service.DriverCommandExecutor.execute(DriverCommandExecutor.java:82)
at org.openqa.selenium.remote.RemoteWebDriver.execute(RemoteWebDriver.java:641)
at org.openqa.selenium.remote.RemoteWebDriver.findElement(RemoteWebDriver.java:414)
at org.openqa.selenium.remote.RemoteWebDriver.findElementByXPath(RemoteWebDriver.java:513)
at org.openqa.selenium.By$ByXPath.findElement(By.java:361)
at org.openqa.selenium.remote.RemoteWebDriver.findElement(RemoteWebDriver.java:406)
at VM.VaraitionMaster.testVmgallery(VaraitionMaster.java:66)
at sun.reflect.NativeMethodAccessorImpl.invoke0(Native Method)
at sun.reflect.NativeMethodAccessorImpl.invoke(NativeMethodAccessorImpl.java:62)
at sun.reflect.DelegatingMethodAccessorImpl.invoke(DelegatingMethodAccessorImpl.java:43)
at java.lang.reflect.Method.invoke(Method.java:498)
at org.testng.internal.MethodInvocationHelper.invokeMethod(MethodInvocationHelper.java:124)
at org.testng.internal.Invoker.invokeMethod(Invoker.java:580)
at org.testng.internal.Invoker.invokeTestMethod(Invoker.java:716)
at org.testng.internal.Invoker.invokeTestMethods(Invoker.java:988)
at org.testng.internal.TestMethodWorker.invokeTestMethods(TestMethodWorker.java:125)
at org.testng.internal.TestMethodWorker.run(TestMethodWorker.java:109)
at org.testng.TestRunner.privateRun(TestRunner.java:648)
at org.testng.TestRunner.run(TestRunner.java:505)
at org.testng.SuiteRunner.runTest(SuiteRunner.java:455)
at org.testng.SuiteRunner.runSequentially(SuiteRunner.java:450)
at org.testng.SuiteRunner.privateRun(SuiteRunner.java:415)
at org.testng.SuiteRunner.run(SuiteRunner.java:364)
at org.testng.SuiteRunnerWorker.runSuite(SuiteRunnerWorker.java:52)
at org.testng.SuiteRunnerWorker.run(SuiteRunnerWorker.java:84)
at org.testng.TestNG.runSuitesSequentially(TestNG.java:1208)
at org.testng.TestNG.runSuitesLocally(TestNG.java:1137)
at org.testng.TestNG.runSuites(TestNG.java:1049)
at org.testng.TestNG.run(TestNG.java:1017)
at org.testng.remote.AbstractRemoteTestNG.run(AbstractRemoteTestNG.java:114)
at org.testng.remote.RemoteTestNG.initAndRun(RemoteTestNG.java:251)
at org.testng.remote.RemoteTestNG.main(RemoteTestNG.java:77)
]]>
            </full-stacktrace>
          </exception> <!-- org.openqa.selenium.NoSuchElementException -->
          <reporter-output>
          </reporter-output>
        </test-method> <!-- testVmgallery -->
        <test-method status="PASS" signature="tearDown()[pri:0, instance:VM.VaraitionMaster@ea1a8d5]" name="tearDown" is-config="true" duration-ms="114" started-at="2018-07-16T11:46:22Z" finished-at="2018-07-16T11:46:22Z">
          <reporter-output>
          </reporter-output>
        </test-method> <!-- tearDown -->
      </class> <!-- VM.VaraitionMaster -->
    </test> <!-- Default test -->
  </suite> <!-- Default suite -->
</testng-results>
